ncverilog(64): 14.10-s005: (c) Copyright 1995-2014 Cadence Design Systems, Inc.
TOOL:	ncverilog	14.10-s005: Started on Jan 16, 2018 at 13:00:50 CST
ncverilog
	-f pre_sim1.f
		FAS.v
		testfixture1.v
		+fsdb
		+nc64bit
		+access+r
		-exit
Recompiling... reason: file './FFT_PE.v' is newer than expected.
	expected: Tue Jan 16 12:58:52 2018
	actual:   Tue Jan 16 13:00:40 2018
file: FAS.v
	module worklib.FFT_PE1:v
		errors: 0, warnings: 0
		Caching library 'worklib' ....... Done
	Elaborating the design hierarchy:
        .freq(_freq));
                  |
ncelab: *W,CUVMPW (./FAS.v,73|18): port sizes differ in port connection (1/4).
	Building instance overlay tables: .................... Done
	Generating native compiled code:
		worklib.FFT_PE1:v <0x05ece493>
			streams:   4, words:   886
	Building instance specific data structures.
	Loading native compiled code:     .................... Done
	Design hierarchy summary:
		                  Instances  Unique
		Modules:                  7       7
		Registers:               67      67
		Scalar wires:             9       -
		Expanded wires:           4       1
		Vectored wires:          77       -
		Always blocks:           29      29
		Initial blocks:           9       9
		Cont. assignments:       45      70
		Pseudo assignments:      10      10
		Simulation timescale:  10ps
	Writing initial simulation snapshot: worklib.testfixture1:v
Loading snapshot worklib.testfixture1:v .................... Done
*Verdi3* Loading libsscore_ius141.so
*Verdi3* : Enable Parallel Dumping.
ncsim> source /home/nfs_cad/cadence/INCISIV/cur/tools/inca/files/ncsimrc
ncsim> run
FSDB Dumper for IUS, Release Verdi3_J-2014.12-SP3, Linux x86_64/64bit, 07/05/2015
(C) 1996 - 2015 by Synopsys, Inc.
*Verdi3* FSDB WARNING: The FSDB file already exists. Overwriting the FSDB file may crash the programs that are using this file.
*Verdi3* : Create FSDB file 'pre_sim1.fsdb'
*Verdi3* : Begin traversing the scopes, layer (0).
*Verdi3* : End of traversing.
*Verdi3* : Begin traversing the MDAs, layer (0).
*Verdi3* : Enable +mda and +packedmda dumping.
*Verdi3* : End of traversing the MDAs.
FFT dataout on pattern           0 ~          15, PASS!!
FFT dataout on pattern          16 ~          31, PASS!!
FFT dataout on pattern          32 ~          47, PASS!!
FFT dataout on pattern          48 ~          63, PASS!!
FFT dataout on pattern          64 ~          79, PASS!!
FIR dataout on pattern           0 ~         100 !!, PASS !!
-----------------------------------------------------
FFT dataout on pattern          80 ~          95, PASS!!
FFT dataout on pattern          96 ~         111, PASS!!
FFT dataout on pattern         112 ~         127, PASS!!
FFT dataout on pattern         128 ~         143, PASS!!
FFT dataout on pattern         144 ~         159, PASS!!
FFT dataout on pattern         160 ~         175, PASS!!
FIR dataout on pattern         100 ~         200 !!, PASS !!
-----------------------------------------------------
FFT dataout on pattern         176 ~         191, PASS!!
FFT dataout on pattern         192 ~         207, PASS!!
FFT dataout on pattern         208 ~         223, PASS!!
FFT dataout on pattern         224 ~         239, PASS!!
FFT dataout on pattern         240 ~         255, PASS!!
FFT dataout on pattern         256 ~         271, PASS!!
FIR dataout on pattern         200 ~         300 !!, PASS !!
-----------------------------------------------------
FFT dataout on pattern         272 ~         287, PASS!!
FFT dataout on pattern         288 ~         303, PASS!!
FFT dataout on pattern         304 ~         319, PASS!!
FFT dataout on pattern         320 ~         335, PASS!!
FFT dataout on pattern         336 ~         351, PASS!!
FFT dataout on pattern         352 ~         367, PASS!!
FIR dataout on pattern         300 ~         400 !!, PASS !!
-----------------------------------------------------
FFT dataout on pattern         368 ~         383, PASS!!
FFT dataout on pattern         384 ~         399, PASS!!
FFT dataout on pattern         400 ~         415, PASS!!
FFT dataout on pattern         416 ~         431, PASS!!
FFT dataout on pattern         432 ~         447, PASS!!
FFT dataout on pattern         448 ~         463, PASS!!
FFT dataout on pattern         464 ~         479, PASS!!
FIR dataout on pattern         400 ~         500 !!, PASS !!
-----------------------------------------------------
FFT dataout on pattern         480 ~         495, PASS!!
FFT dataout on pattern         496 ~         511, PASS!!
FFT dataout on pattern         512 ~         527, PASS!!
FFT dataout on pattern         528 ~         543, PASS!!
FFT dataout on pattern         544 ~         559, PASS!!
FFT dataout on pattern         560 ~         575, PASS!!
FIR dataout on pattern         500 ~         600 !!, PASS !!
-----------------------------------------------------
FFT dataout on pattern         576 ~         591, PASS!!
FFT dataout on pattern         592 ~         607, PASS!!
FFT dataout on pattern         608 ~         623, PASS!!
FFT dataout on pattern         624 ~         639, PASS!!
FFT dataout on pattern         640 ~         655, PASS!!
FFT dataout on pattern         656 ~         671, PASS!!
FFT dataout on pattern         672 ~         687, PASS!!
FFT dataout on pattern         688 ~         703, PASS!!
FFT dataout on pattern         704 ~         719, PASS!!
FFT dataout on pattern         720 ~         735, PASS!!
FFT dataout on pattern         736 ~         751, PASS!!
FFT dataout on pattern         752 ~         767, PASS!!
FIR dataout on pattern         700 ~         800 !!, PASS !!
-----------------------------------------------------
FFT dataout on pattern         768 ~         783, PASS!!
FFT dataout on pattern         784 ~         799, PASS!!
FFT dataout on pattern         800 ~         815, PASS!!
FFT dataout on pattern         816 ~         831, PASS!!
FFT dataout on pattern         832 ~         847, PASS!!
FFT dataout on pattern         848 ~         863, PASS!!
FFT dataout on pattern         864 ~         879, PASS!!
FIR dataout on pattern         800 ~         900 !!, PASS !!
-----------------------------------------------------
FFT dataout on pattern         880 ~         895, PASS!!
FFT dataout on pattern         896 ~         911, PASS!!
FFT dataout on pattern         912 ~         927, PASS!!
FFT dataout on pattern         928 ~         943, PASS!!
FFT dataout on pattern         944 ~         959, PASS!!
FFT dataout on pattern         960 ~         975, PASS!!
FFT dataout on pattern         976 ~         991, PASS!!
FFT dataout on pattern         992 ~        1007, PASS!!
FFT dataout on pattern        1008 ~        1023, PASS!!
-----------------------------------------------------

Congratulations! All data have been generated successfully!

-------------------------PASS------------------------

Simulation complete via $finish(1) at time 16323090 PS + 0
./testfixture1.v:240       #(`CYCLE/2); $finish;
ncsim> exit
TOOL:	ncverilog	14.10-s005: Exiting on Jan 16, 2018 at 13:01:01 CST  (total: 00:00:11)
